[debug] [2020-12-04T18:46:34.815Z] ----------------------------------------------------------------------
[debug] [2020-12-04T18:46:34.827Z] Command:       C:\Program Files\nodejs\node.exe C:\Users\Erum\AppData\Roaming\npm\node_modules\firebase-tools\lib\bin\firebase.js init
[debug] [2020-12-04T18:46:34.828Z] CLI Version:   8.17.0
[debug] [2020-12-04T18:46:34.828Z] Platform:      win32
[debug] [2020-12-04T18:46:34.829Z] Node Version:  v12.19.0
[debug] [2020-12-04T18:46:34.834Z] Time:          Fri Dec 04 2020 23:46:34 GMT+0500 (Pakistan Standard Time)
[debug] [2020-12-04T18:46:34.835Z] ----------------------------------------------------------------------
[debug] [2020-12-04T18:46:34.835Z] 
[debug] [2020-12-04T18:46:34.843Z] >>> [apiv2][query] GET https://firebase-public.firebaseio.com/cli.json [none]
[debug] [2020-12-04T18:46:34.889Z] > command requires scopes: ["email","openid","https://www.googleapis.com/auth/cloudplatformprojects.readonly","https://www.googleapis.com/auth/firebase","https://www.googleapis.com/auth/cloud-platform"]
[debug] [2020-12-04T18:46:34.890Z] > authorizing via signed-in user
[info] 
     ######## #### ########  ######## ########     ###     ######  ########
     ##        ##  ##     ## ##       ##     ##  ##   ##  ##       ##
     ######    ##  ########  ######   ########  #########  ######  ######
     ##        ##  ##    ##  ##       ##     ## ##     ##       ## ##
     ##       #### ##     ## ######## ########  ##     ##  ######  ########

You're about to initialize a Firebase project in this directory:

  D:\react_practice

[debug] [2020-12-04T18:46:42.292Z] <<< [apiv2][status] GET https://firebase-public.firebaseio.com/cli.json 200
[debug] [2020-12-04T18:46:42.293Z] <<< [apiv2][body] GET https://firebase-public.firebaseio.com/cli.json {"cloudBuildErrorAfter":1594252800000,"cloudBuildWarnAfter":1590019200000,"defaultNode10After":1594252800000,"minVersion":"3.0.5","node8DeploysDisabledAfter":1613390400000,"node8RuntimeDisabledAfter":1615809600000,"node8WarnAfter":1600128000000}
